<?xml version="1.0" encoding="UTF-8"?>
<!-- Generated by org.testng.reporters.JUnitReportReporter -->
<testsuite hostname="G4BRU" name="test.test" tests="1" failures="0" timestamp="23 May 2021 13:24:51 GMT" time="55.182" errors="0">
  <testcase name="test_Home_Page_Appear_Correct" time="55.182" classname="test.test"/>
</testsuite> <!-- test.test -->
