<?xml version="1.0" encoding="UTF-8"?>
<!-- Generated by org.testng.reporters.JUnitReportReporter -->
<testsuite hostname="G4BRU" name="test.testPageFactory" tests="1" failures="0" timestamp="24 May 2021 05:24:12 GMT" time="51.323" errors="0">
  <testcase name="testPage_factory" time="51.323" classname="test.testPageFactory"/>
</testsuite> <!-- test.testPageFactory -->
